<?xml version="1.0" encoding="UTF-8"?>
<!-- Generated by org.testng.reporters.JUnitReportReporter -->
<testsuite skipped="0" hostname="Venky-PC" name="com.flowDrive.scripts.WorkFlow1_Test" tests="1" failures="0" timestamp="19 Nov 2017 20:47:02 GMT" time="28.058" errors="0">
  <testcase name="startJourney" time="28.058" classname="com.flowDrive.scripts.WorkFlow1_Test"/>
</testsuite> <!-- com.flowDrive.scripts.WorkFlow1_Test -->
