<?xml version="1.0" encoding="UTF-8"?>
<!-- Generated by org.testng.reporters.JUnitReportReporter -->
<testsuite skipped="0" hostname="Venky-PC" name="com.flowDrive.scripts.LoginPage_Test" tests="1" failures="0" timestamp="19 Nov 2017 18:29:05 GMT" time="20.364" errors="0">
  <testcase name="testcase1" time="20.364" classname="com.flowDrive.scripts.LoginPage_Test"/>
</testsuite> <!-- com.flowDrive.scripts.LoginPage_Test -->
